TN:
SF:/home/mike/Alyra/testVoting/contracts/voting.sol
FN:41,onlyVoters
FN:52,getVoter
FN:58,getOneProposal
FN:64,addVoter
FN:77,addProposal
FN:96,setVote
FN:113,startProposalsRegistering
FN:130,endProposalsRegistering
FN:142,startVotingSession
FN:154,endVotingSession
FN:166,tallyVotes
FNF:11
FNH:11
FNDA:42,onlyVoters
FNDA:3,getVoter
FNDA:11,getOneProposal
FNDA:32,addVoter
FNDA:14,addProposal
FNDA:10,setVote
FNDA:25,startProposalsRegistering
FNDA:15,endProposalsRegistering
FNDA:13,startVotingSession
FNDA:7,endVotingSession
FNDA:6,tallyVotes
DA:42,42
DA:43,38
DA:53,3
DA:59,11
DA:65,32
DA:69,31
DA:71,30
DA:72,30
DA:78,14
DA:82,13
DA:88,12
DA:89,12
DA:90,12
DA:91,12
DA:97,10
DA:101,9
DA:102,8
DA:104,7
DA:105,7
DA:106,7
DA:108,7
DA:114,25
DA:118,24
DA:120,24
DA:121,24
DA:122,24
DA:124,24
DA:131,15
DA:135,13
DA:136,13
DA:143,13
DA:147,11
DA:148,11
DA:155,7
DA:159,4
DA:160,4
DA:167,6
DA:171,2
DA:172,2
DA:173,6
DA:177,2
DA:180,2
DA:182,2
DA:183,2
LF:44
LH:44
BRDA:42,1,0,38
BRDA:42,1,1,4
BRDA:52,2,0,3
BRDA:52,2,1,1
BRDA:58,3,0,11
BRDA:58,3,1,1
BRDA:64,4,0,32
BRDA:64,4,1,1
BRDA:65,5,0,31
BRDA:65,5,1,1
BRDA:69,6,0,30
BRDA:69,6,1,1
BRDA:77,7,0,14
BRDA:77,7,1,1
BRDA:78,8,0,13
BRDA:78,8,1,1
BRDA:82,9,0,12
BRDA:82,9,1,1
BRDA:96,10,0,10
BRDA:96,10,1,1
BRDA:97,11,0,9
BRDA:97,11,1,1
BRDA:101,12,0,8
BRDA:101,12,1,1
BRDA:102,13,0,7
BRDA:102,13,1,1
BRDA:113,14,0,25
BRDA:113,14,1,1
BRDA:114,15,0,24
BRDA:114,15,1,1
BRDA:130,16,0,15
BRDA:130,16,1,1
BRDA:131,17,0,13
BRDA:131,17,1,2
BRDA:142,18,0,13
BRDA:142,18,1,1
BRDA:143,19,0,11
BRDA:143,19,1,2
BRDA:154,20,0,7
BRDA:154,20,1,1
BRDA:155,21,0,4
BRDA:155,21,1,3
BRDA:166,22,0,6
BRDA:166,22,1,1
BRDA:167,23,0,2
BRDA:167,23,1,4
BRDA:173,24,0,2
BRDA:173,24,1,4
BRF:48
BRH:48
end_of_record
