{
"contracts/voting.sol":{"l":{"42":42,"43":38,"53":3,"59":11,"65":32,"69":31,"71":30,"72":30,"78":14,"82":13,"88":12,"89":12,"90":12,"91":12,"97":10,"101":9,"102":8,"104":7,"105":7,"106":7,"108":7,"114":25,"118":24,"120":24,"121":24,"122":24,"124":24,"131":15,"135":13,"136":13,"143":13,"147":11,"148":11,"155":7,"159":4,"160":4,"167":6,"171":2,"172":2,"173":6,"177":2,"180":2,"182":2,"183":2},"path":"/home/mike/Alyra/testVoting/contracts/voting.sol","s":{"1":42,"2":3,"3":11,"4":32,"5":31,"6":30,"7":14,"8":13,"9":12,"10":12,"11":12,"12":10,"13":9,"14":8,"15":7,"16":25,"17":24,"18":24,"19":24,"20":15,"21":13,"22":13,"23":11,"24":7,"25":4,"26":6,"27":2,"28":2,"29":6,"30":2},"b":{"1":[38,4],"2":[3,1],"3":[11,1],"4":[32,1],"5":[31,1],"6":[30,1],"7":[14,1],"8":[13,1],"9":[12,1],"10":[10,1],"11":[9,1],"12":[8,1],"13":[7,1],"14":[25,1],"15":[24,1],"16":[15,1],"17":[13,2],"18":[13,1],"19":[11,2],"20":[7,1],"21":[4,3],"22":[6,1],"23":[2,4],"24":[2,4]},"f":{"1":42,"2":3,"3":11,"4":32,"5":14,"6":10,"7":25,"8":15,"9":13,"10":7,"11":6},"fnMap":{"1":{"name":"onlyVoters","line":41,"loc":{"start":{"line":41,"column":4},"end":{"line":44,"column":4}}},"2":{"name":"getVoter","line":52,"loc":{"start":{"line":50,"column":4},"end":{"line":54,"column":4}}},"3":{"name":"getOneProposal","line":58,"loc":{"start":{"line":56,"column":4},"end":{"line":60,"column":4}}},"4":{"name":"addVoter","line":64,"loc":{"start":{"line":64,"column":4},"end":{"line":73,"column":4}}},"5":{"name":"addProposal","line":77,"loc":{"start":{"line":77,"column":4},"end":{"line":92,"column":4}}},"6":{"name":"setVote","line":96,"loc":{"start":{"line":96,"column":4},"end":{"line":109,"column":4}}},"7":{"name":"startProposalsRegistering","line":113,"loc":{"start":{"line":113,"column":4},"end":{"line":128,"column":4}}},"8":{"name":"endProposalsRegistering","line":130,"loc":{"start":{"line":130,"column":4},"end":{"line":140,"column":4}}},"9":{"name":"startVotingSession","line":142,"loc":{"start":{"line":142,"column":4},"end":{"line":152,"column":4}}},"10":{"name":"endVotingSession","line":154,"loc":{"start":{"line":154,"column":4},"end":{"line":164,"column":4}}},"11":{"name":"tallyVotes","line":166,"loc":{"start":{"line":166,"column":4},"end":{"line":187,"column":4}}}},"statementMap":{"1":{"start":{"line":42,"column":8},"end":{"line":42,"column":69}},"2":{"start":{"line":53,"column":8},"end":{"line":53,"column":28}},"3":{"start":{"line":59,"column":8},"end":{"line":59,"column":34}},"4":{"start":{"line":65,"column":8},"end":{"line":65,"column":1588}},"5":{"start":{"line":69,"column":8},"end":{"line":69,"column":72}},"6":{"start":{"line":72,"column":8},"end":{"line":72,"column":35}},"7":{"start":{"line":78,"column":8},"end":{"line":78,"column":2011}},"8":{"start":{"line":82,"column":8},"end":{"line":82,"column":2158}},"9":{"start":{"line":88,"column":8},"end":{"line":88,"column":32}},"10":{"start":{"line":90,"column":8},"end":{"line":90,"column":36}},"11":{"start":{"line":91,"column":8},"end":{"line":91,"column":58}},"12":{"start":{"line":97,"column":8},"end":{"line":97,"column":2647}},"13":{"start":{"line":101,"column":8},"end":{"line":101,"column":77}},"14":{"start":{"line":102,"column":8},"end":{"line":102,"column":65}},"15":{"start":{"line":108,"column":8},"end":{"line":108,"column":35}},"16":{"start":{"line":114,"column":8},"end":{"line":114,"column":3270}},"17":{"start":{"line":120,"column":8},"end":{"line":120,"column":32}},"18":{"start":{"line":122,"column":8},"end":{"line":122,"column":36}},"19":{"start":{"line":124,"column":8},"end":{"line":124,"column":3606}},"20":{"start":{"line":131,"column":8},"end":{"line":131,"column":3820}},"21":{"start":{"line":136,"column":8},"end":{"line":136,"column":4047}},"22":{"start":{"line":143,"column":8},"end":{"line":143,"column":4265}},"23":{"start":{"line":148,"column":8},"end":{"line":148,"column":4487}},"24":{"start":{"line":155,"column":8},"end":{"line":155,"column":4695}},"25":{"start":{"line":160,"column":8},"end":{"line":160,"column":4899}},"26":{"start":{"line":167,"column":8},"end":{"line":167,"column":5093}},"27":{"start":{"line":171,"column":8},"end":{"line":171,"column":31}},"28":{"start":{"line":172,"column":8},"end":{"line":172,"column":5276}},"29":{"start":{"line":173,"column":12},"end":{"line":173,"column":5346}},"30":{"start":{"line":183,"column":8},"end":{"line":183,"column":5646}}},"branchMap":{"1":{"line":42,"type":"if","locations":[{"start":{"line":42,"column":8},"end":{"line":42,"column":8}},{"start":{"line":42,"column":8},"end":{"line":42,"column":8}}]},"2":{"line":52,"type":"if","locations":[{"start":{"line":52,"column":20},"end":{"line":52,"column":20}},{"start":{"line":52,"column":20},"end":{"line":52,"column":20}}]},"3":{"line":58,"type":"if","locations":[{"start":{"line":58,"column":20},"end":{"line":58,"column":20}},{"start":{"line":58,"column":20},"end":{"line":58,"column":20}}]},"4":{"line":64,"type":"if","locations":[{"start":{"line":64,"column":46},"end":{"line":64,"column":46}},{"start":{"line":64,"column":46},"end":{"line":64,"column":46}}]},"5":{"line":65,"type":"if","locations":[{"start":{"line":65,"column":8},"end":{"line":65,"column":8}},{"start":{"line":65,"column":8},"end":{"line":65,"column":8}}]},"6":{"line":69,"type":"if","locations":[{"start":{"line":69,"column":8},"end":{"line":69,"column":8}},{"start":{"line":69,"column":8},"end":{"line":69,"column":8}}]},"7":{"line":77,"type":"if","locations":[{"start":{"line":77,"column":57},"end":{"line":77,"column":57}},{"start":{"line":77,"column":57},"end":{"line":77,"column":57}}]},"8":{"line":78,"type":"if","locations":[{"start":{"line":78,"column":8},"end":{"line":78,"column":8}},{"start":{"line":78,"column":8},"end":{"line":78,"column":8}}]},"9":{"line":82,"type":"if","locations":[{"start":{"line":82,"column":8},"end":{"line":82,"column":8}},{"start":{"line":82,"column":8},"end":{"line":82,"column":8}}]},"10":{"line":96,"type":"if","locations":[{"start":{"line":96,"column":40},"end":{"line":96,"column":40}},{"start":{"line":96,"column":40},"end":{"line":96,"column":40}}]},"11":{"line":97,"type":"if","locations":[{"start":{"line":97,"column":8},"end":{"line":97,"column":8}},{"start":{"line":97,"column":8},"end":{"line":97,"column":8}}]},"12":{"line":101,"type":"if","locations":[{"start":{"line":101,"column":8},"end":{"line":101,"column":8}},{"start":{"line":101,"column":8},"end":{"line":101,"column":8}}]},"13":{"line":102,"type":"if","locations":[{"start":{"line":102,"column":8},"end":{"line":102,"column":8}},{"start":{"line":102,"column":8},"end":{"line":102,"column":8}}]},"14":{"line":113,"type":"if","locations":[{"start":{"line":113,"column":50},"end":{"line":113,"column":50}},{"start":{"line":113,"column":50},"end":{"line":113,"column":50}}]},"15":{"line":114,"type":"if","locations":[{"start":{"line":114,"column":8},"end":{"line":114,"column":8}},{"start":{"line":114,"column":8},"end":{"line":114,"column":8}}]},"16":{"line":130,"type":"if","locations":[{"start":{"line":130,"column":48},"end":{"line":130,"column":48}},{"start":{"line":130,"column":48},"end":{"line":130,"column":48}}]},"17":{"line":131,"type":"if","locations":[{"start":{"line":131,"column":8},"end":{"line":131,"column":8}},{"start":{"line":131,"column":8},"end":{"line":131,"column":8}}]},"18":{"line":142,"type":"if","locations":[{"start":{"line":142,"column":43},"end":{"line":142,"column":43}},{"start":{"line":142,"column":43},"end":{"line":142,"column":43}}]},"19":{"line":143,"type":"if","locations":[{"start":{"line":143,"column":8},"end":{"line":143,"column":8}},{"start":{"line":143,"column":8},"end":{"line":143,"column":8}}]},"20":{"line":154,"type":"if","locations":[{"start":{"line":154,"column":41},"end":{"line":154,"column":41}},{"start":{"line":154,"column":41},"end":{"line":154,"column":41}}]},"21":{"line":155,"type":"if","locations":[{"start":{"line":155,"column":8},"end":{"line":155,"column":8}},{"start":{"line":155,"column":8},"end":{"line":155,"column":8}}]},"22":{"line":166,"type":"if","locations":[{"start":{"line":166,"column":35},"end":{"line":166,"column":35}},{"start":{"line":166,"column":35},"end":{"line":166,"column":35}}]},"23":{"line":167,"type":"if","locations":[{"start":{"line":167,"column":8},"end":{"line":167,"column":8}},{"start":{"line":167,"column":8},"end":{"line":167,"column":8}}]},"24":{"line":173,"type":"if","locations":[{"start":{"line":173,"column":12},"end":{"line":173,"column":12}},{"start":{"line":173,"column":12},"end":{"line":173,"column":12}}]}}}}
